{"C:\\Users\\Seven\\Documents\\cps2\\TFSD\\car-sensors-monitoring-appliction\\server.js": {"path":"C:\\Users\\Seven\\Documents\\cps2\\TFSD\\car-sensors-monitoring-appliction\\server.js","statementMap":{"0":{"start":{"line":1,"column":0},"end":{"line":1,"column":27}},"1":{"start":{"line":2,"column":16},"end":{"line":2,"column":34}},"2":{"start":{"line":3,"column":17},"end":{"line":3,"column":36}},"3":{"start":{"line":4,"column":18},"end":{"line":4,"column":46}},"4":{"start":{"line":5,"column":15},"end":{"line":5,"column":41}},"5":{"start":{"line":7,"column":0},"end":{"line":7,"column":34}},"6":{"start":{"line":9,"column":12},"end":{"line":9,"column":21}},"7":{"start":{"line":10,"column":0},"end":{"line":10,"column":24}},"8":{"start":{"line":13,"column":0},"end":{"line":13,"column":40}},"9":{"start":{"line":14,"column":0},"end":{"line":20,"column":5}},"10":{"start":{"line":16,"column":4},"end":{"line":16,"column":51}},"11":{"start":{"line":19,"column":4},"end":{"line":19,"column":53}},"12":{"start":{"line":23,"column":0},"end":{"line":26,"column":3}},"13":{"start":{"line":24,"column":2},"end":{"line":24,"column":84}},"14":{"start":{"line":25,"column":2},"end":{"line":25,"column":9}},"15":{"start":{"line":29,"column":0},"end":{"line":36,"column":2}},"16":{"start":{"line":32,"column":4},"end":{"line":32,"column":77}},"17":{"start":{"line":33,"column":4},"end":{"line":33,"column":11}},"18":{"start":{"line":39,"column":0},"end":{"line":42,"column":3}},"19":{"start":{"line":40,"column":2},"end":{"line":40,"column":48}},"20":{"start":{"line":41,"column":2},"end":{"line":41,"column":48}},"21":{"start":{"line":45,"column":13},"end":{"line":45,"column":28}},"22":{"start":{"line":46,"column":0},"end":{"line":46,"column":58}},"23":{"start":{"line":48,"column":0},"end":{"line":50,"column":3}},"24":{"start":{"line":49,"column":2},"end":{"line":49,"column":80}},"25":{"start":{"line":53,"column":0},"end":{"line":53,"column":21}}},"fnMap":{"0":{"name":"(anonymous_0)","decl":{"start":{"line":15,"column":8},"end":{"line":15,"column":9}},"loc":{"start":{"line":15,"column":14},"end":{"line":17,"column":3}},"line":15},"1":{"name":"(anonymous_1)","decl":{"start":{"line":18,"column":9},"end":{"line":18,"column":10}},"loc":{"start":{"line":18,"column":20},"end":{"line":20,"column":3}},"line":18},"2":{"name":"(anonymous_2)","decl":{"start":{"line":23,"column":8},"end":{"line":23,"column":9}},"loc":{"start":{"line":23,"column":29},"end":{"line":26,"column":1}},"line":23},"3":{"name":"(anonymous_3)","decl":{"start":{"line":31,"column":2},"end":{"line":31,"column":3}},"loc":{"start":{"line":31,"column":23},"end":{"line":34,"column":3}},"line":31},"4":{"name":"(anonymous_4)","decl":{"start":{"line":39,"column":8},"end":{"line":39,"column":9}},"loc":{"start":{"line":39,"column":34},"end":{"line":42,"column":1}},"line":39},"5":{"name":"(anonymous_5)","decl":{"start":{"line":48,"column":19},"end":{"line":48,"column":20}},"loc":{"start":{"line":48,"column":33},"end":{"line":50,"column":1}},"line":48}},"branchMap":{},"s":{"0":3,"1":3,"2":3,"3":3,"4":3,"5":3,"6":3,"7":3,"8":3,"9":3,"10":3,"11":0,"12":3,"13":14,"14":14,"15":3,"16":12,"17":12,"18":3,"19":0,"20":0,"21":3,"22":3,"23":3,"24":1,"25":3},"f":{"0":3,"1":0,"2":14,"3":12,"4":0,"5":1},"b":{},"_coverageSchema":"1a1c01bbd47fc00a2c39e90264f33305004495a9","hash":"08a31e9982593442a0a1c81ee0fb0644dca4e936"}
,"C:\\Users\\Seven\\Documents\\cps2\\TFSD\\car-sensors-monitoring-appliction\\config\\database.js": {"path":"C:\\Users\\Seven\\Documents\\cps2\\TFSD\\car-sensors-monitoring-appliction\\config\\database.js","statementMap":{"0":{"start":{"line":1,"column":17},"end":{"line":1,"column":36}},"1":{"start":{"line":2,"column":15},"end":{"line":2,"column":34}},"2":{"start":{"line":4,"column":18},"end":{"line":17,"column":1}},"3":{"start":{"line":5,"column":2},"end":{"line":16,"column":3}},"4":{"start":{"line":7,"column":4},"end":{"line":7,"column":71}},"5":{"start":{"line":8,"column":4},"end":{"line":11,"column":7}},"6":{"start":{"line":12,"column":4},"end":{"line":12,"column":51}},"7":{"start":{"line":14,"column":4},"end":{"line":14,"column":54}},"8":{"start":{"line":15,"column":4},"end":{"line":15,"column":50}},"9":{"start":{"line":19,"column":0},"end":{"line":19,"column":27}}},"fnMap":{"0":{"name":"(anonymous_0)","decl":{"start":{"line":4,"column":18},"end":{"line":4,"column":19}},"loc":{"start":{"line":4,"column":30},"end":{"line":17,"column":1}},"line":4}},"branchMap":{},"s":{"0":3,"1":3,"2":3,"3":3,"4":3,"5":3,"6":3,"7":0,"8":0,"9":3},"f":{"0":3},"b":{},"_coverageSchema":"1a1c01bbd47fc00a2c39e90264f33305004495a9","hash":"1c0ab4b8e0728bbee38e44d20999baab93cc7413"}
,"C:\\Users\\Seven\\Documents\\cps2\\TFSD\\car-sensors-monitoring-appliction\\config\\logger.js": {"path":"C:\\Users\\Seven\\Documents\\cps2\\TFSD\\car-sensors-monitoring-appliction\\config\\logger.js","statementMap":{"0":{"start":{"line":2,"column":16},"end":{"line":2,"column":34}},"1":{"start":{"line":4,"column":15},"end":{"line":16,"column":2}},"2":{"start":{"line":10,"column":6},"end":{"line":10,"column":49}},"3":{"start":{"line":18,"column":0},"end":{"line":18,"column":24}}},"fnMap":{"0":{"name":"(anonymous_0)","decl":{"start":{"line":9,"column":26},"end":{"line":9,"column":27}},"loc":{"start":{"line":9,"column":61},"end":{"line":11,"column":5}},"line":9}},"branchMap":{},"s":{"0":3,"1":3,"2":74,"3":3},"f":{"0":74},"b":{},"_coverageSchema":"1a1c01bbd47fc00a2c39e90264f33305004495a9","hash":"cfb380f58ca0b0ece87f030e46aaa98091fc3a5f"}
,"C:\\Users\\Seven\\Documents\\cps2\\TFSD\\car-sensors-monitoring-appliction\\controllers\\carController.js": {"path":"C:\\Users\\Seven\\Documents\\cps2\\TFSD\\car-sensors-monitoring-appliction\\controllers\\carController.js","statementMap":{"0":{"start":{"line":1,"column":12},"end":{"line":1,"column":36}},"1":{"start":{"line":2,"column":29},"end":{"line":2,"column":57}},"2":{"start":{"line":3,"column":15},"end":{"line":3,"column":42}},"3":{"start":{"line":11,"column":0},"end":{"line":29,"column":2}},"4":{"start":{"line":12,"column":17},"end":{"line":12,"column":38}},"5":{"start":{"line":13,"column":2},"end":{"line":16,"column":3}},"6":{"start":{"line":14,"column":4},"end":{"line":14,"column":54}},"7":{"start":{"line":15,"column":4},"end":{"line":15,"column":60}},"8":{"start":{"line":18,"column":35},"end":{"line":18,"column":43}},"9":{"start":{"line":20,"column":2},"end":{"line":28,"column":3}},"10":{"start":{"line":21,"column":16},"end":{"line":21,"column":49}},"11":{"start":{"line":22,"column":4},"end":{"line":22,"column":21}},"12":{"start":{"line":23,"column":4},"end":{"line":23,"column":59}},"13":{"start":{"line":24,"column":4},"end":{"line":24,"column":30}},"14":{"start":{"line":26,"column":4},"end":{"line":26,"column":47}},"15":{"start":{"line":27,"column":4},"end":{"line":27,"column":54}},"16":{"start":{"line":37,"column":0},"end":{"line":46,"column":2}},"17":{"start":{"line":38,"column":2},"end":{"line":45,"column":3}},"18":{"start":{"line":39,"column":17},"end":{"line":39,"column":33}},"19":{"start":{"line":40,"column":4},"end":{"line":40,"column":36}},"20":{"start":{"line":41,"column":4},"end":{"line":41,"column":19}},"21":{"start":{"line":43,"column":4},"end":{"line":43,"column":48}},"22":{"start":{"line":44,"column":4},"end":{"line":44,"column":54}},"23":{"start":{"line":54,"column":0},"end":{"line":67,"column":2}},"24":{"start":{"line":55,"column":2},"end":{"line":66,"column":3}},"25":{"start":{"line":56,"column":16},"end":{"line":56,"column":49}},"26":{"start":{"line":57,"column":4},"end":{"line":60,"column":5}},"27":{"start":{"line":58,"column":6},"end":{"line":58,"column":60}},"28":{"start":{"line":59,"column":6},"end":{"line":59,"column":64}},"29":{"start":{"line":61,"column":4},"end":{"line":61,"column":56}},"30":{"start":{"line":62,"column":4},"end":{"line":62,"column":18}},"31":{"start":{"line":64,"column":4},"end":{"line":64,"column":53}},"32":{"start":{"line":65,"column":4},"end":{"line":65,"column":54}},"33":{"start":{"line":75,"column":0},"end":{"line":91,"column":2}},"34":{"start":{"line":76,"column":2},"end":{"line":90,"column":3}},"35":{"start":{"line":77,"column":16},"end":{"line":80,"column":6}},"36":{"start":{"line":81,"column":4},"end":{"line":84,"column":5}},"37":{"start":{"line":82,"column":6},"end":{"line":82,"column":60}},"38":{"start":{"line":83,"column":6},"end":{"line":83,"column":64}},"39":{"start":{"line":85,"column":4},"end":{"line":85,"column":56}},"40":{"start":{"line":86,"column":4},"end":{"line":86,"column":18}},"41":{"start":{"line":88,"column":4},"end":{"line":88,"column":47}},"42":{"start":{"line":89,"column":4},"end":{"line":89,"column":54}},"43":{"start":{"line":99,"column":0},"end":{"line":112,"column":2}},"44":{"start":{"line":100,"column":2},"end":{"line":111,"column":3}},"45":{"start":{"line":101,"column":16},"end":{"line":101,"column":58}},"46":{"start":{"line":102,"column":4},"end":{"line":105,"column":5}},"47":{"start":{"line":103,"column":6},"end":{"line":103,"column":60}},"48":{"start":{"line":104,"column":6},"end":{"line":104,"column":64}},"49":{"start":{"line":106,"column":4},"end":{"line":106,"column":56}},"50":{"start":{"line":107,"column":4},"end":{"line":107,"column":41}},"51":{"start":{"line":109,"column":4},"end":{"line":109,"column":47}},"52":{"start":{"line":110,"column":4},"end":{"line":110,"column":54}}},"fnMap":{"0":{"name":"(anonymous_0)","decl":{"start":{"line":11,"column":20},"end":{"line":11,"column":21}},"loc":{"start":{"line":11,"column":40},"end":{"line":29,"column":1}},"line":11},"1":{"name":"(anonymous_1)","decl":{"start":{"line":37,"column":18},"end":{"line":37,"column":19}},"loc":{"start":{"line":37,"column":38},"end":{"line":46,"column":1}},"line":37},"2":{"name":"(anonymous_2)","decl":{"start":{"line":54,"column":21},"end":{"line":54,"column":22}},"loc":{"start":{"line":54,"column":41},"end":{"line":67,"column":1}},"line":54},"3":{"name":"(anonymous_3)","decl":{"start":{"line":75,"column":20},"end":{"line":75,"column":21}},"loc":{"start":{"line":75,"column":40},"end":{"line":91,"column":1}},"line":75},"4":{"name":"(anonymous_4)","decl":{"start":{"line":99,"column":20},"end":{"line":99,"column":21}},"loc":{"start":{"line":99,"column":40},"end":{"line":112,"column":1}},"line":99}},"branchMap":{"0":{"loc":{"start":{"line":13,"column":2},"end":{"line":16,"column":3}},"type":"if","locations":[{"start":{"line":13,"column":2},"end":{"line":16,"column":3}},{"start":{},"end":{}}],"line":13},"1":{"loc":{"start":{"line":57,"column":4},"end":{"line":60,"column":5}},"type":"if","locations":[{"start":{"line":57,"column":4},"end":{"line":60,"column":5}},{"start":{},"end":{}}],"line":57},"2":{"loc":{"start":{"line":81,"column":4},"end":{"line":84,"column":5}},"type":"if","locations":[{"start":{"line":81,"column":4},"end":{"line":84,"column":5}},{"start":{},"end":{}}],"line":81},"3":{"loc":{"start":{"line":102,"column":4},"end":{"line":105,"column":5}},"type":"if","locations":[{"start":{"line":102,"column":4},"end":{"line":105,"column":5}},{"start":{},"end":{}}],"line":102}},"s":{"0":3,"1":3,"2":3,"3":3,"4":1,"5":1,"6":0,"7":0,"8":1,"9":1,"10":1,"11":1,"12":1,"13":1,"14":0,"15":0,"16":3,"17":2,"18":2,"19":2,"20":2,"21":0,"22":0,"23":3,"24":3,"25":3,"26":3,"27":1,"28":1,"29":2,"30":2,"31":0,"32":0,"33":3,"34":3,"35":3,"36":3,"37":1,"38":1,"39":2,"40":2,"41":0,"42":0,"43":3,"44":3,"45":3,"46":3,"47":1,"48":1,"49":2,"50":2,"51":0,"52":0},"f":{"0":1,"1":2,"2":3,"3":3,"4":3},"b":{"0":[0,1],"1":[1,2],"2":[1,2],"3":[1,2]},"_coverageSchema":"1a1c01bbd47fc00a2c39e90264f33305004495a9","hash":"2a2cfec0cd4463c3c9f2ec70d7df3d43fb419a79"}
,"C:\\Users\\Seven\\Documents\\cps2\\TFSD\\car-sensors-monitoring-appliction\\models\\Car.js": {"path":"C:\\Users\\Seven\\Documents\\cps2\\TFSD\\car-sensors-monitoring-appliction\\models\\Car.js","statementMap":{"0":{"start":{"line":1,"column":17},"end":{"line":1,"column":36}},"1":{"start":{"line":9,"column":21},"end":{"line":12,"column":2}},"2":{"start":{"line":21,"column":18},"end":{"line":25,"column":2}},"3":{"start":{"line":27,"column":0},"end":{"line":27,"column":50}}},"fnMap":{},"branchMap":{},"s":{"0":4,"1":4,"2":4,"3":4},"f":{},"b":{},"_coverageSchema":"1a1c01bbd47fc00a2c39e90264f33305004495a9","hash":"fa9e693625e7b24f958a58bbd7f192aad2508139"}
,"C:\\Users\\Seven\\Documents\\cps2\\TFSD\\car-sensors-monitoring-appliction\\routes\\carRoutes.js": {"path":"C:\\Users\\Seven\\Documents\\cps2\\TFSD\\car-sensors-monitoring-appliction\\routes\\carRoutes.js","statementMap":{"0":{"start":{"line":14,"column":16},"end":{"line":14,"column":34}},"1":{"start":{"line":15,"column":18},"end":{"line":15,"column":46}},"2":{"start":{"line":16,"column":22},"end":{"line":16,"column":61}},"3":{"start":{"line":17,"column":15},"end":{"line":17,"column":42}},"4":{"start":{"line":19,"column":15},"end":{"line":19,"column":31}},"5":{"start":{"line":32,"column":2},"end":{"line":32,"column":48}},"6":{"start":{"line":33,"column":2},"end":{"line":33,"column":9}},"7":{"start":{"line":47,"column":2},"end":{"line":47,"column":91}},"8":{"start":{"line":48,"column":2},"end":{"line":48,"column":9}},"9":{"start":{"line":61,"column":2},"end":{"line":61,"column":41}},"10":{"start":{"line":62,"column":2},"end":{"line":62,"column":42}},"11":{"start":{"line":75,"column":2},"end":{"line":75,"column":40}},"12":{"start":{"line":76,"column":2},"end":{"line":76,"column":40}},"13":{"start":{"line":90,"column":2},"end":{"line":90,"column":57}},"14":{"start":{"line":91,"column":2},"end":{"line":91,"column":43}},"15":{"start":{"line":106,"column":2},"end":{"line":106,"column":57}},"16":{"start":{"line":107,"column":2},"end":{"line":107,"column":42}},"17":{"start":{"line":121,"column":2},"end":{"line":121,"column":60}},"18":{"start":{"line":122,"column":2},"end":{"line":122,"column":42}},"19":{"start":{"line":126,"column":0},"end":{"line":136,"column":2}},"20":{"start":{"line":138,"column":0},"end":{"line":138,"column":42}},"21":{"start":{"line":139,"column":0},"end":{"line":139,"column":48}},"22":{"start":{"line":140,"column":0},"end":{"line":150,"column":2}},"23":{"start":{"line":151,"column":0},"end":{"line":151,"column":50}},"24":{"start":{"line":153,"column":0},"end":{"line":153,"column":24}}},"fnMap":{"0":{"name":"validateCarData","decl":{"start":{"line":31,"column":9},"end":{"line":31,"column":24}},"loc":{"start":{"line":31,"column":41},"end":{"line":34,"column":1}},"line":31},"1":{"name":"logRequest","decl":{"start":{"line":46,"column":9},"end":{"line":46,"column":19}},"loc":{"start":{"line":46,"column":36},"end":{"line":49,"column":1}},"line":46},"2":{"name":"createCarRoute","decl":{"start":{"line":60,"column":9},"end":{"line":60,"column":23}},"loc":{"start":{"line":60,"column":40},"end":{"line":63,"column":1}},"line":60},"3":{"name":"getCarsRoute","decl":{"start":{"line":74,"column":9},"end":{"line":74,"column":21}},"loc":{"start":{"line":74,"column":38},"end":{"line":77,"column":1}},"line":74},"4":{"name":"getCarByIdRoute","decl":{"start":{"line":89,"column":9},"end":{"line":89,"column":24}},"loc":{"start":{"line":89,"column":41},"end":{"line":92,"column":1}},"line":89},"5":{"name":"updateCarRoute","decl":{"start":{"line":105,"column":9},"end":{"line":105,"column":23}},"loc":{"start":{"line":105,"column":40},"end":{"line":108,"column":1}},"line":105},"6":{"name":"deleteCarRoute","decl":{"start":{"line":120,"column":9},"end":{"line":120,"column":23}},"loc":{"start":{"line":120,"column":40},"end":{"line":123,"column":1}},"line":120}},"branchMap":{},"s":{"0":3,"1":3,"2":3,"3":3,"4":3,"5":4,"6":4,"7":8,"8":8,"9":1,"10":1,"11":2,"12":2,"13":3,"14":3,"15":3,"16":3,"17":3,"18":3,"19":3,"20":3,"21":3,"22":3,"23":3,"24":3},"f":{"0":4,"1":8,"2":1,"3":2,"4":3,"5":3,"6":3},"b":{},"_coverageSchema":"1a1c01bbd47fc00a2c39e90264f33305004495a9","hash":"85cb6d17bb127b76fa4e7f990e5c3a252bea48e0"}
}
