TN:
SF:server.js
FN:15,(anonymous_0)
FN:18,(anonymous_1)
FN:23,(anonymous_2)
FN:31,(anonymous_3)
FN:39,(anonymous_4)
FN:48,(anonymous_5)
FNF:6
FNH:4
FNDA:3,(anonymous_0)
FNDA:0,(anonymous_1)
FNDA:14,(anonymous_2)
FNDA:12,(anonymous_3)
FNDA:0,(anonymous_4)
FNDA:1,(anonymous_5)
DA:1,3
DA:2,3
DA:3,3
DA:4,3
DA:5,3
DA:7,3
DA:9,3
DA:10,3
DA:13,3
DA:14,3
DA:16,3
DA:19,0
DA:23,3
DA:24,14
DA:25,14
DA:29,3
DA:32,12
DA:33,12
DA:39,3
DA:40,0
DA:41,0
DA:45,3
DA:46,3
DA:48,3
DA:49,1
DA:53,3
LF:26
LH:23
BRF:0
BRH:0
end_of_record
TN:
SF:config\database.js
FN:4,(anonymous_0)
FNF:1
FNH:1
FNDA:3,(anonymous_0)
DA:1,3
DA:2,3
DA:4,3
DA:5,3
DA:7,3
DA:8,3
DA:12,3
DA:14,0
DA:15,0
DA:19,3
LF:10
LH:8
BRF:0
BRH:0
end_of_record
TN:
SF:config\logger.js
FN:9,(anonymous_0)
FNF:1
FNH:1
FNDA:74,(anonymous_0)
DA:2,3
DA:4,3
DA:10,74
DA:18,3
LF:4
LH:4
BRF:0
BRH:0
end_of_record
TN:
SF:controllers\carController.js
FN:11,(anonymous_0)
FN:37,(anonymous_1)
FN:54,(anonymous_2)
FN:75,(anonymous_3)
FN:99,(anonymous_4)
FNF:5
FNH:5
FNDA:1,(anonymous_0)
FNDA:2,(anonymous_1)
FNDA:3,(anonymous_2)
FNDA:3,(anonymous_3)
FNDA:3,(anonymous_4)
DA:1,3
DA:2,3
DA:3,3
DA:11,3
DA:12,1
DA:13,1
DA:14,0
DA:15,0
DA:18,1
DA:20,1
DA:21,1
DA:22,1
DA:23,1
DA:24,1
DA:26,0
DA:27,0
DA:37,3
DA:38,2
DA:39,2
DA:40,2
DA:41,2
DA:43,0
DA:44,0
DA:54,3
DA:55,3
DA:56,3
DA:57,3
DA:58,1
DA:59,1
DA:61,2
DA:62,2
DA:64,0
DA:65,0
DA:75,3
DA:76,3
DA:77,3
DA:81,3
DA:82,1
DA:83,1
DA:85,2
DA:86,2
DA:88,0
DA:89,0
DA:99,3
DA:100,3
DA:101,3
DA:102,3
DA:103,1
DA:104,1
DA:106,2
DA:107,2
DA:109,0
DA:110,0
LF:53
LH:41
BRDA:13,0,0,0
BRDA:13,0,1,1
BRDA:57,1,0,1
BRDA:57,1,1,2
BRDA:81,2,0,1
BRDA:81,2,1,2
BRDA:102,3,0,1
BRDA:102,3,1,2
BRF:8
BRH:7
end_of_record
TN:
SF:models\Car.js
FNF:0
FNH:0
DA:1,4
DA:9,4
DA:21,4
DA:27,4
LF:4
LH:4
BRF:0
BRH:0
end_of_record
TN:
SF:routes\carRoutes.js
FN:31,validateCarData
FN:46,logRequest
FN:60,createCarRoute
FN:74,getCarsRoute
FN:89,getCarByIdRoute
FN:105,updateCarRoute
FN:120,deleteCarRoute
FNF:7
FNH:7
FNDA:4,validateCarData
FNDA:8,logRequest
FNDA:1,createCarRoute
FNDA:2,getCarsRoute
FNDA:3,getCarByIdRoute
FNDA:3,updateCarRoute
FNDA:3,deleteCarRoute
DA:14,3
DA:15,3
DA:16,3
DA:17,3
DA:19,3
DA:32,4
DA:33,4
DA:47,8
DA:48,8
DA:61,1
DA:62,1
DA:75,2
DA:76,2
DA:90,3
DA:91,3
DA:106,3
DA:107,3
DA:121,3
DA:122,3
DA:126,3
DA:138,3
DA:139,3
DA:140,3
DA:151,3
DA:153,3
LF:25
LH:25
BRF:0
BRH:0
end_of_record
